<?xml version="1.0" encoding="UTF-8"?>
<!-- Generated by org.testng.reporters.JUnitReportReporter -->
<testsuite hostname="DESKTOP-RCT58NL" failures="0" tests="3" name="com.Feb28.ParallelExecution" time="0.072" errors="0" timestamp="2025-02-28T15:22:49 IST" skipped="0">
  <testcase classname="com.Feb28.ParallelExecution" name="C" time="0.025"/>
  <testcase classname="com.Feb28.ParallelExecution" name="B" time="0.026"/>
  <testcase classname="com.Feb28.ParallelExecution" name="A" time="0.021"/>
</testsuite> <!-- com.Feb28.ParallelExecution -->
