<?xml version="1.0" encoding="UTF-8"?>
<!-- Generated by org.testng.reporters.JUnitReportReporter -->
<testsuite hostname="DESKTOP-RCT58NL" failures="0" tests="6" name="com.Feb28.DataProviderDemo" time="0.049" errors="0" timestamp="2025-02-28T17:04:59 IST" skipped="0">
  <testcase classname="com.Feb28.DataProviderDemo" name="f2" time="0.006"/>
  <testcase classname="com.Feb28.DataProviderDemo" name="f" time="0.019"/>
  <testcase classname="com.Feb28.DataProviderDemo" name="f" time="0.002"/>
  <testcase classname="com.Feb28.DataProviderDemo" name="f" time="0.016"/>
  <testcase classname="com.Feb28.DataProviderDemo" name="f2" time="0.002"/>
  <testcase classname="com.Feb28.DataProviderDemo" name="f2" time="0.004"/>
</testsuite> <!-- com.Feb28.DataProviderDemo -->
