<?xml version="1.0" encoding="UTF-8"?>
<!-- Generated by org.testng.reporters.JUnitReportReporter -->
<testsuite hostname="DESKTOP-RCT58NL" failures="0" tests="5" name="com.Feb28.GroupDemo" time="0.042" errors="0" timestamp="2025-02-28T15:11:45 IST" skipped="0">
  <testcase classname="com.Feb28.GroupDemo" name="B" time="0.004"/>
  <testcase classname="com.Feb28.GroupDemo" name="E" time="0.003"/>
  <testcase classname="com.Feb28.GroupDemo" name="A" time="0.021"/>
  <testcase classname="com.Feb28.GroupDemo" name="D" time="0.005"/>
  <testcase classname="com.Feb28.GroupDemo" name="C" time="0.009"/>
</testsuite> <!-- com.Feb28.GroupDemo -->
