<?xml version="1.0" encoding="UTF-8"?>
<!-- Generated by org.testng.reporters.JUnitReportReporter -->
<testsuite hostname="DESKTOP-RCT58NL" failures="0" tests="1" name="runner.Runner" time="18.075" errors="0" timestamp="2025-03-06T12:20:17 IST" skipped="0">
  <testcase classname="runner.Runner" name="runScenario" time="18.075"/>
</testsuite> <!-- runner.Runner -->
