<?xml version="1.0" encoding="UTF-8"?>
<!-- Generated by org.testng.reporters.JUnitReportReporter -->
<testsuite hostname="DESKTOP-RCT58NL" failures="0" tests="1" name="com.Assignment.SmartBearSoftware" time="10.539" errors="0" timestamp="2025-02-28T23:19:51 IST" skipped="0">
  <testcase classname="com.Assignment.SmartBearSoftware" name="order" time="10.539"/>
</testsuite> <!-- com.Assignment.SmartBearSoftware -->
