<?xml version="1.0" encoding="UTF-8"?>
<!-- Generated by org.testng.reporters.JUnitReportReporter -->
<testsuite hostname="DESKTOP-RCT58NL" failures="0" tests="2" name="stepDefinition.RunnerFBLogin" time="0.285" errors="0" timestamp="2025-03-05T14:56:02 IST" skipped="0">
  <testcase classname="stepDefinition.RunnerFBLogin" name="runScenario" time="0.024"/>
  <testcase classname="stepDefinition.RunnerFBLogin" name="runScenario" time="0.261"/>
</testsuite> <!-- stepDefinition.RunnerFBLogin -->
