<?xml version="1.0" encoding="UTF-8"?>
<!-- Generated by org.testng.reporters.JUnitReportReporter -->
<testsuite hostname="DESKTOP-RCT58NL" failures="0" tests="2" name="runner.RunnerTestCase" time="24.815" errors="0" timestamp="2025-03-09T16:24:47 IST" skipped="0">
  <testcase classname="runner.RunnerTestCase" name="runScenario" time="13.748"/>
  <testcase classname="runner.RunnerTestCase" name="runScenario" time="11.067"/>
</testsuite> <!-- runner.RunnerTestCase -->
