<?xml version="1.0" encoding="UTF-8"?>
<!-- Generated by org.testng.reporters.JUnitReportReporter -->
<testsuite hostname="DESKTOP-RCT58NL" failures="0" tests="2" name="stepDefinition.RunnerFBLogin1" time="0.360" errors="0" timestamp="2025-03-05T12:54:27 IST" skipped="0">
  <testcase classname="stepDefinition.RunnerFBLogin1" name="runScenario" time="0.327"/>
  <testcase classname="stepDefinition.RunnerFBLogin1" name="runScenario" time="0.033"/>
</testsuite> <!-- stepDefinition.RunnerFBLogin1 -->
