<?xml version="1.0" encoding="UTF-8"?>
<!-- Generated by org.testng.reporters.JUnitReportReporter -->
<testsuite hostname="DESKTOP-RCT58NL" failures="0" tests="1" name="stepDefinition.RunnerFlight" time="21.562" errors="0" timestamp="2025-03-07T09:40:22 IST" skipped="0">
  <testcase classname="stepDefinition.RunnerFlight" name="runScenario" time="21.562"/>
</testsuite> <!-- stepDefinition.RunnerFlight -->
