<?xml version="1.0" encoding="UTF-8"?>
<!-- Generated by org.testng.reporters.JUnitReportReporter -->
<testsuite hostname="DESKTOP-RCT58NL" failures="0" tests="1" name="com.Feb28.BrowserSelect" time="14.866" errors="0" timestamp="2025-02-28T16:15:39 IST" skipped="0">
  <testcase classname="com.Feb28.BrowserSelect" name="getBrowser" time="14.866"/>
</testsuite> <!-- com.Feb28.BrowserSelect -->
