<?xml version="1.0" encoding="UTF-8"?>
<!-- Generated by org.testng.reporters.JUnitReportReporter -->
<testsuite hostname="DESKTOP-RCT58NL" failures="0" tests="1" name="com.Mar1.Excel" time="1.785" errors="0" timestamp="2025-03-01T15:55:47 IST" skipped="0">
  <testcase classname="com.Mar1.Excel" name="Main" time="1.785"/>
</testsuite> <!-- com.Mar1.Excel -->
