<?xml version="1.0" encoding="UTF-8"?>
<!-- Generated by org.testng.reporters.JUnitReportReporter -->
<testsuite hostname="DESKTOP-RCT58NL" failures="0" tests="4" name="com.Mar3.FBDataProvider" time="33.885" errors="0" timestamp="2025-03-03T11:32:58 IST" skipped="0">
  <testcase classname="com.Mar3.FBDataProvider" name="verifylogin" time="9.415"/>
  <testcase classname="com.Mar3.FBDataProvider" name="verifylogin" time="9.191"/>
  <testcase classname="com.Mar3.FBDataProvider" name="verifylogin" time="7.587"/>
  <testcase classname="com.Mar3.FBDataProvider" name="verifylogin" time="7.692"/>
</testsuite> <!-- com.Mar3.FBDataProvider -->
