<?xml version="1.0" encoding="UTF-8"?>
<!-- Generated by org.testng.reporters.JUnitReportReporter -->
<testsuite hostname="DESKTOP-RCT58NL" failures="0" tests="1" name="com.Mar1.Facebook" time="11.000" errors="0" timestamp="2025-03-01T11:57:05 IST" skipped="0">
  <testcase classname="com.Mar1.Facebook" name="loginTc" time="11.000"/>
</testsuite> <!-- com.Mar1.Facebook -->
