<?xml version="1.0" encoding="UTF-8"?>
<!-- Generated by org.testng.reporters.JUnitReportReporter -->
<testsuite hostname="DESKTOP-RCT58NL" failures="0" tests="1" name="com.Feb27.TestExample" time="0.035" errors="0" timestamp="2025-02-27T22:57:48 IST" skipped="0">
  <testcase classname="com.Feb27.TestExample" name="example" time="0.035"/>
</testsuite> <!-- com.Feb27.TestExample -->
