<?xml version="1.0" encoding="UTF-8"?>
<!-- Generated by org.testng.reporters.JUnitReportReporter -->
<testsuite hostname="DESKTOP-RCT58NL" failures="0" tests="2" name="com.Feb28.App1" time="20.589" errors="0" timestamp="2025-02-28T14:35:43 IST" skipped="0">
  <testcase classname="com.Feb28.App1" name="loginTc" time="12.522"/>
  <testcase classname="com.Feb28.App1" name="accountTc" time="8.067"/>
</testsuite> <!-- com.Feb28.App1 -->
