<?xml version="1.0" encoding="UTF-8"?>
<!-- Generated by org.testng.reporters.JUnitReportReporter -->
<testsuite hostname="DESKTOP-RCT58NL" failures="0" tests="4" name="com.Mar1.FBDataProvider" time="39.769" errors="0" timestamp="2025-03-01T14:20:07 IST" skipped="0">
  <testcase classname="com.Mar1.FBDataProvider" name="LoginTC" time="9.554"/>
  <testcase classname="com.Mar1.FBDataProvider" name="forgetPass" time="12.762"/>
  <testcase classname="com.Mar1.FBDataProvider" name="LoginTC" time="8.605"/>
  <testcase classname="com.Mar1.FBDataProvider" name="LoginTC" time="8.848"/>
</testsuite> <!-- com.Mar1.FBDataProvider -->
