<?xml version="1.0" encoding="UTF-8"?>
<!-- Generated by org.testng.reporters.JUnitReportReporter -->
<testsuite hostname="DESKTOP-RCT58NL" failures="0" tests="2" name="com.Mar4.testListener" time="23.234" errors="0" timestamp="2025-03-04T15:59:13 IST" skipped="0">
  <testcase classname="com.Mar4.testListener" name="login" time="12.478"/>
  <testcase classname="com.Mar4.testListener" name="forgotpass" time="10.756"/>
</testsuite> <!-- com.Mar4.testListener -->
