<?xml version="1.0" encoding="UTF-8"?>
<!-- Generated by org.testng.reporters.JUnitReportReporter -->
<testsuite hostname="DESKTOP-RCT58NL" failures="0" tests="3" name="com.Feb28.FBLogin" time="35.992" errors="0" timestamp="2025-02-28T17:25:50 IST" skipped="0">
  <testcase classname="com.Feb28.FBLogin" name="login" time="13.924"/>
  <testcase classname="com.Feb28.FBLogin" name="login" time="11.272"/>
  <testcase classname="com.Feb28.FBLogin" name="login" time="10.796"/>
</testsuite> <!-- com.Feb28.FBLogin -->
